<?xml version="1.0" encoding="UTF-8"?>
<!-- Generated by org.testng.reporters.JUnitReportReporter -->
<testsuite skipped="0" hostname="Praveen_246" name="DriverFactory.KeyWordDriverScript" tests="1" failures="0" timestamp="21 May 2021 03:16:23 GMT" time="24.270" errors="0">
  <testcase name="startTest" time="24.270" classname="DriverFactory.KeyWordDriverScript"/>
</testsuite> <!-- DriverFactory.KeyWordDriverScript -->
