<?xml version="1.0" encoding="UTF-8"?>
<!-- Generated by org.testng.reporters.JUnitReportReporter -->
<testsuite hostname="Praveen_246" name="DriverFactory.DataDrivenPOM" tests="1" failures="0" timestamp="18 May 2021 02:47:15 GMT" time="221.534" errors="0">
  <testcase name="adduser" time="221.534" classname="DriverFactory.DataDrivenPOM"/>
</testsuite> <!-- DriverFactory.DataDrivenPOM -->
