<?xml version="1.0" encoding="UTF-8"?>
<!-- Generated by org.testng.reporters.JUnitReportReporter -->
<testsuite hostname="Praveen_246" name="may22.CRM" tests="1" failures="0" timestamp="22 May 2021 03:12:36 GMT" time="18.644" errors="0">
  <testcase name="VerifyTest" time="18.644" classname="may22.CRM"/>
</testsuite> <!-- may22.CRM -->
