<?xml version="1.0" encoding="UTF-8"?>
<!-- Generated by org.testng.reporters.JUnitReportReporter -->
<testsuite hostname="Praveen_246" name="DriverFactory.TestScript" tests="2" failures="0" timestamp="17 May 2021 03:33:02 GMT" time="114.280" errors="0">
  <testcase name="empAdd" time="55.538" classname="DriverFactory.TestScript"/>
  <testcase name="userAdd" time="58.742" classname="DriverFactory.TestScript"/>
</testsuite> <!-- DriverFactory.TestScript -->
