<?xml version="1.0" encoding="UTF-8"?>
<!-- Generated by org.testng.reporters.JUnitReportReporter -->
<testsuite hostname="Praveen_246" name="may22.UsingDataProvider" tests="5" failures="0" timestamp="22 May 2021 02:31:37 GMT" time="75.270" errors="0">
  <testcase name="verifyLogin" time="21.799" classname="may22.UsingDataProvider"/>
  <testcase name="verifyLogin" time="13.881" classname="may22.UsingDataProvider"/>
  <testcase name="verifyLogin" time="13.461" classname="may22.UsingDataProvider"/>
  <testcase name="verifyLogin" time="12.959" classname="may22.UsingDataProvider"/>
  <testcase name="verifyLogin" time="13.170" classname="may22.UsingDataProvider"/>
</testsuite> <!-- may22.UsingDataProvider -->
